<?xml version="1.0" encoding="UTF-8"?>
<!-- Generated by org.testng.reporters.JUnitReportReporter -->
<testsuite hostname="LAPTOP-8OE36B81" failures="0" tests="2" name="Testngdemo.TestNgDemo.NewTest1" time="0.005" errors="0" timestamp="2024-01-04T10:36:19 IST" skipped="0">
  <testcase classname="Testngdemo.TestNgDemo.NewTest1" name="test4" time="0.004"/>
  <system-out/>
  <testcase classname="Testngdemo.TestNgDemo.NewTest1" name="test3" time="0.001"/>
  <system-out/>
</testsuite> <!-- Testngdemo.TestNgDemo.NewTest1 -->
